<?xml version="1.0" encoding="UTF-8"?>
<!-- Generated by org.testng.reporters.JUnitXMLReporter -->
<testsuite ignored="3" hostname="DESKTOP-MA7LGP5" failures="0" tests="1" name="Default test" time="16.02" errors="0" timestamp="2023-04-17T19:57:45 IST">
  <testcase classname="testcases.Logintest" name="loginwithinvalidpassword" time="1.97"/>
  <testcase classname="testcases.Logintest" name="login" time="0.0">
    <ignored/>
  </testcase> <!-- login -->
  <testcase classname="testcases.Logintest" name="loginwithinvalidmail" time="0.0">
    <ignored/>
  </testcase> <!-- loginwithinvalidmail -->
  <testcase classname="testcases.Logintest" name="loginwithinvalid_mail_and_pass" time="0.0">
    <ignored/>
  </testcase> <!-- loginwithinvalid_mail_and_pass -->
</testsuite> <!-- Default test -->
