<?xml version="1.0" encoding="UTF-8"?>
<!-- Generated by org.testng.reporters.JUnitXMLReporter -->
<testsuite ignored="0" hostname="DESKTOP-MA7LGP5" failures="0" tests="7" name="Test" time="205.392" errors="0" timestamp="2023-04-17T20:01:30 IST">
  <testcase classname="testcases.Signuptest" name="signuppage" time="12.887"/>
  <testcase classname="testcases.Logintest" name="login" time="2.094"/>
  <testcase classname="testcases.Logintest" name="loginwithinvalid_mail_and_pass" time="1.852"/>
  <testcase classname="testcases.Logintest" name="loginwithinvalidmail" time="1.631"/>
  <testcase classname="testcases.Logintest" name="loginwithinvalidpassword" time="1.797"/>
  <testcase classname="testcases.Onewaytest" name="onewaytest" time="41.91"/>
  <testcase classname="testcases.Roundtriptest" name="roundtest" time="50.19"/>
</testsuite> <!-- Test -->
