<?xml version="1.0" encoding="UTF-8"?>
<testng-results ignored="0" total="1" passed="1" failed="0" skipped="0">
  <reporter-output>
  </reporter-output>
  <suite started-at="2023-04-17T00:04:58 IST" name="Default suite" finished-at="2023-04-17T00:05:33 IST" duration-ms="34525">
    <groups>
    </groups>
    <test started-at="2023-04-17T00:04:58 IST" name="Default test" finished-at="2023-04-17T00:05:33 IST" duration-ms="34525">
      <class name="testcases.Roundtriptest">
        <test-method is-config="true" signature="startup()[pri:0, instance:testcases.Roundtriptest@306cf3ea]" started-at="2023-04-17T00:04:58 IST" name="startup" finished-at="2023-04-17T00:05:10 IST" duration-ms="11907" status="PASS">
          <reporter-output>
          </reporter-output>
        </test-method> <!-- startup -->
        <test-method signature="roundtest()[pri:0, instance:testcases.Roundtriptest@306cf3ea]" started-at="2023-04-17T00:05:10 IST" name="roundtest" finished-at="2023-04-17T00:05:32 IST" duration-ms="21743" status="PASS">
          <reporter-output>
          </reporter-output>
        </test-method> <!-- roundtest -->
        <test-method is-config="true" signature="close()[pri:0, instance:testcases.Roundtriptest@306cf3ea]" started-at="2023-04-17T00:05:32 IST" name="close" finished-at="2023-04-17T00:05:33 IST" duration-ms="818" status="PASS">
          <reporter-output>
          </reporter-output>
        </test-method> <!-- close -->
      </class> <!-- testcases.Roundtriptest -->
    </test> <!-- Default test -->
  </suite> <!-- Default suite -->
</testng-results>
