<?xml version="1.0" encoding="UTF-8"?>
<testng-results ignored="0" total="7" passed="7" failed="0" skipped="0">
  <reporter-output>
  </reporter-output>
  <suite started-at="2023-04-17T19:58:04 IST" name="Suite" finished-at="2023-04-17T20:01:30 IST" duration-ms="205392">
    <groups>
    </groups>
    <test started-at="2023-04-17T19:58:04 IST" name="Test" finished-at="2023-04-17T20:01:30 IST" duration-ms="205392">
      <class name="testcases.Signuptest">
        <test-method is-config="true" signature="startup()[pri:0, instance:testcases.Signuptest@1b45c0e]" started-at="2023-04-17T19:58:04 IST" name="startup" finished-at="2023-04-17T19:58:19 IST" duration-ms="14468" status="PASS">
          <reporter-output>
          </reporter-output>
        </test-method> <!-- startup -->
        <test-method signature="signuppage()[pri:0, instance:testcases.Signuptest@1b45c0e]" started-at="2023-04-17T19:58:19 IST" name="signuppage" finished-at="2023-04-17T19:58:32 IST" duration-ms="12887" status="PASS">
          <reporter-output>
          </reporter-output>
        </test-method> <!-- signuppage -->
        <test-method is-config="true" signature="close()[pri:0, instance:testcases.Signuptest@1b45c0e]" started-at="2023-04-17T19:58:32 IST" name="close" finished-at="2023-04-17T19:58:32 IST" duration-ms="829" status="PASS">
          <reporter-output>
          </reporter-output>
        </test-method> <!-- close -->
      </class> <!-- testcases.Signuptest -->
      <class name="testcases.Roundtriptest">
        <test-method is-config="true" signature="startup()[pri:0, instance:testcases.Roundtriptest@73a8da0f]" started-at="2023-04-17T20:00:26 IST" name="startup" finished-at="2023-04-17T20:00:38 IST" duration-ms="11884" status="PASS">
          <reporter-output>
          </reporter-output>
        </test-method> <!-- startup -->
        <test-method signature="roundtest()[pri:0, instance:testcases.Roundtriptest@73a8da0f]" started-at="2023-04-17T20:00:38 IST" name="roundtest" finished-at="2023-04-17T20:01:29 IST" duration-ms="50190" status="PASS">
          <reporter-output>
          </reporter-output>
        </test-method> <!-- roundtest -->
        <test-method is-config="true" signature="close()[pri:0, instance:testcases.Roundtriptest@73a8da0f]" started-at="2023-04-17T20:01:29 IST" name="close" finished-at="2023-04-17T20:01:30 IST" duration-ms="1080" status="PASS">
          <reporter-output>
          </reporter-output>
        </test-method> <!-- close -->
      </class> <!-- testcases.Roundtriptest -->
      <class name="testcases.Logintest">
        <test-method is-config="true" signature="startup()[pri:0, instance:testcases.Logintest@11f0a5a1]" started-at="2023-04-17T19:58:32 IST" name="startup" finished-at="2023-04-17T19:58:45 IST" duration-ms="12536" status="PASS">
          <reporter-output>
          </reporter-output>
        </test-method> <!-- startup -->
        <test-method signature="login()[pri:0, instance:testcases.Logintest@11f0a5a1]" started-at="2023-04-17T19:58:45 IST" name="login" finished-at="2023-04-17T19:58:47 IST" duration-ms="2094" status="PASS">
          <reporter-output>
          </reporter-output>
        </test-method> <!-- login -->
        <test-method is-config="true" signature="close()[pri:0, instance:testcases.Logintest@11f0a5a1]" started-at="2023-04-17T19:58:47 IST" name="close" finished-at="2023-04-17T19:58:48 IST" duration-ms="750" status="PASS">
          <reporter-output>
          </reporter-output>
        </test-method> <!-- close -->
        <test-method is-config="true" signature="startup()[pri:0, instance:testcases.Logintest@11f0a5a1]" started-at="2023-04-17T19:58:48 IST" name="startup" finished-at="2023-04-17T19:59:00 IST" duration-ms="11934" status="PASS">
          <reporter-output>
          </reporter-output>
        </test-method> <!-- startup -->
        <test-method signature="loginwithinvalid_mail_and_pass()[pri:0, instance:testcases.Logintest@11f0a5a1]" started-at="2023-04-17T19:59:00 IST" name="loginwithinvalid_mail_and_pass" finished-at="2023-04-17T19:59:02 IST" duration-ms="1852" status="PASS">
          <reporter-output>
          </reporter-output>
        </test-method> <!-- loginwithinvalid_mail_and_pass -->
        <test-method is-config="true" signature="close()[pri:0, instance:testcases.Logintest@11f0a5a1]" started-at="2023-04-17T19:59:02 IST" name="close" finished-at="2023-04-17T19:59:02 IST" duration-ms="805" status="PASS">
          <reporter-output>
          </reporter-output>
        </test-method> <!-- close -->
        <test-method is-config="true" signature="startup()[pri:0, instance:testcases.Logintest@11f0a5a1]" started-at="2023-04-17T19:59:02 IST" name="startup" finished-at="2023-04-17T19:59:13 IST" duration-ms="10958" status="PASS">
          <reporter-output>
          </reporter-output>
        </test-method> <!-- startup -->
        <test-method signature="loginwithinvalidmail()[pri:0, instance:testcases.Logintest@11f0a5a1]" started-at="2023-04-17T19:59:13 IST" name="loginwithinvalidmail" finished-at="2023-04-17T19:59:15 IST" duration-ms="1631" status="PASS">
          <reporter-output>
          </reporter-output>
        </test-method> <!-- loginwithinvalidmail -->
        <test-method is-config="true" signature="close()[pri:0, instance:testcases.Logintest@11f0a5a1]" started-at="2023-04-17T19:59:15 IST" name="close" finished-at="2023-04-17T19:59:16 IST" duration-ms="819" status="PASS">
          <reporter-output>
          </reporter-output>
        </test-method> <!-- close -->
        <test-method is-config="true" signature="startup()[pri:0, instance:testcases.Logintest@11f0a5a1]" started-at="2023-04-17T19:59:16 IST" name="startup" finished-at="2023-04-17T19:59:28 IST" duration-ms="12474" status="PASS">
          <reporter-output>
          </reporter-output>
        </test-method> <!-- startup -->
        <test-method signature="loginwithinvalidpassword()[pri:0, instance:testcases.Logintest@11f0a5a1]" started-at="2023-04-17T19:59:28 IST" name="loginwithinvalidpassword" finished-at="2023-04-17T19:59:30 IST" duration-ms="1797" status="PASS">
          <reporter-output>
          </reporter-output>
        </test-method> <!-- loginwithinvalidpassword -->
        <test-method is-config="true" signature="close()[pri:0, instance:testcases.Logintest@11f0a5a1]" started-at="2023-04-17T19:59:30 IST" name="close" finished-at="2023-04-17T19:59:31 IST" duration-ms="814" status="PASS">
          <reporter-output>
          </reporter-output>
        </test-method> <!-- close -->
      </class> <!-- testcases.Logintest -->
      <class name="testcases.Onewaytest">
        <test-method is-config="true" signature="startup()[pri:0, instance:testcases.Onewaytest@10f7f7de]" started-at="2023-04-17T19:59:31 IST" name="startup" finished-at="2023-04-17T19:59:44 IST" duration-ms="12727" status="PASS">
          <reporter-output>
          </reporter-output>
        </test-method> <!-- startup -->
        <test-method signature="onewaytest()[pri:0, instance:testcases.Onewaytest@10f7f7de]" started-at="2023-04-17T19:59:44 IST" name="onewaytest" finished-at="2023-04-17T20:00:26 IST" duration-ms="41910" status="PASS">
          <reporter-output>
          </reporter-output>
        </test-method> <!-- onewaytest -->
        <test-method is-config="true" signature="close()[pri:0, instance:testcases.Onewaytest@10f7f7de]" started-at="2023-04-17T20:00:26 IST" name="close" finished-at="2023-04-17T20:00:26 IST" duration-ms="854" status="PASS">
          <reporter-output>
          </reporter-output>
        </test-method> <!-- close -->
      </class> <!-- testcases.Onewaytest -->
    </test> <!-- Test -->
  </suite> <!-- Suite -->
</testng-results>
